<?xml version="1.0" encoding="UTF-8"?>
<!-- Generated by org.testng.reporters.JUnitReportReporter -->
<testsuite hostname="NAG-MAC" name="com.example.SimpleTest" tests="1" failures="0" timestamp="26 Feb 2020 09:12:40 GMT" time="0.008" errors="0">
  <testcase name="beTrue" time="0.008" classname="com.example.SimpleTest"/>
</testsuite> <!-- com.example.SimpleTest -->
