<?xml version="1.0" encoding="UTF-8"?>
<!-- Generated by org.testng.reporters.JUnitReportReporter -->
<testsuite hostname="BLT1031" name="Com.testcase.Redbus_Search_testcase" tests="1" failures="0" timestamp="7 Mar 2020 07:04:38 GMT" time="30.341" errors="0">
  <testcase name="buses" time="30.341" classname="Com.testcase.Redbus_Search_testcase"/>
</testsuite> <!-- Com.testcase.Redbus_Search_testcase -->
