<?xml version="1.0" encoding="UTF-8"?>
<!-- Generated by org.testng.reporters.JUnitReportReporter -->
<testsuite hostname="BLT1031" name="Testing.NewTest2" tests="1" failures="0" timestamp="21 Feb 2020 10:07:24 GMT" time="0.047" errors="0">
  <testcase name="beTrue" time="0.047" classname="Testing.NewTest2"/>
</testsuite> <!-- Testing.NewTest2 -->
