<?xml version="1.0" encoding="UTF-8"?>
<!-- Generated by org.testng.reporters.JUnitReportReporter -->
<testsuite hostname="BLT1031" name="Testing.NewTest" tests="1" failures="0" timestamp="21 Feb 2020 10:18:10 GMT" time="95.233" errors="0">
  <testcase name="add1And2" time="95.233" classname="Testing.NewTest"/>
</testsuite> <!-- Testing.NewTest -->
